<?xml version="1.0" encoding="UTF-8"?>
<!-- Generated by org.testng.reporters.JUnitReportReporter -->
<testsuite skipped="0" hostname="DESKTOP-1J8QQ19" name="com.qa.rest.tests.GetCallBDD" tests="1" failures="0" timestamp="23 Dec 2018 11:38:43 GMT" time="2.184" errors="1">
  <testcase name="test_numberOFCircutitsFor2017_Season" time="2.184" classname="com.qa.rest.tests.GetCallBDD">
    <error type="java.lang.StackOverflowError">
      <![CDATA[java.lang.StackOverflowError
at com.qa.rest.tests.GetCallBDD.hasSize(GetCallBDD.java:36)
at com.qa.rest.tests.GetCallBDD.hasSize(GetCallBDD.java:36)
at com.qa.rest.tests.GetCallBDD.hasSize(GetCallBDD.java:36)
at com.qa.rest.tests.GetCallBDD.hasSize(GetCallBDD.java:36)
at com.qa.rest.tests.GetCallBDD.hasSize(GetCallBDD.java:36)
at com.qa.rest.tests.GetCallBDD.hasSize(GetCallBDD.java:36)
at com.qa.rest.tests.GetCallBDD.hasSize(GetCallBDD.java:36)
at com.qa.rest.tests.GetCallBDD.hasSize(GetCallBDD.java:36)
at com.qa.rest.tests.GetCallBDD.hasSize(GetCallBDD.java:36)
at com.qa.rest.tests.GetCallBDD.hasSize(GetCallBDD.java:36)
at com.qa.rest.tests.GetCallBDD.hasSize(GetCallBDD.java:36)
at com.qa.rest.tests.GetCallBDD.hasSize(GetCallBDD.java:36)
at com.qa.rest.tests.GetCallBDD.hasSize(GetCallBDD.java:36)
at com.qa.rest.tests.GetCallBDD.hasSize(GetCallBDD.java:36)
at com.qa.rest.tests.GetCallBDD.hasSize(GetCallBDD.java:36)
at com.qa.rest.tests.GetCallBDD.hasSize(GetCallBDD.java:36)
at com.qa.rest.tests.GetCallBDD.hasSize(GetCallBDD.java:36)
at com.qa.rest.tests.GetCallBDD.hasSize(GetCallBDD.java:36)
at com.qa.rest.tests.GetCallBDD.hasSize(GetCallBDD.java:36)
at com.qa.rest.tests.GetCallBDD.hasSize(GetCallBDD.java:36)
at com.qa.rest.tests.GetCallBDD.hasSize(GetCallBDD.java:36)
at com.qa.rest.tests.GetCallBDD.hasSize(GetCallBDD.java:36)
at com.qa.rest.tests.GetCallBDD.hasSize(GetCallBDD.java:36)
at com.qa.rest.tests.GetCallBDD.hasSize(GetCallBDD.java:36)
at com.qa.rest.tests.GetCallBDD.hasSize(GetCallBDD.java:36)
at com.qa.rest.tests.GetCallBDD.hasSize(GetCallBDD.java:36)
at com.qa.rest.tests.GetCallBDD.hasSize(GetCallBDD.java:36)
at com.qa.rest.tests.GetCallBDD.hasSize(GetCallBDD.java:36)
at com.qa.rest.tests.GetCallBDD.hasSize(GetCallBDD.java:36)
at com.qa.rest.tests.GetCallBDD.hasSize(GetCallBDD.java:36)
at com.qa.rest.tests.GetCallBDD.hasSize(GetCallBDD.java:36)
at com.qa.rest.tests.GetCallBDD.hasSize(GetCallBDD.java:36)
at com.qa.rest.tests.GetCallBDD.hasSize(GetCallBDD.java:36)
at com.qa.rest.tests.GetCallBDD.hasSize(GetCallBDD.java:36)
at com.qa.rest.tests.GetCallBDD.hasSize(GetCallBDD.java:36)
at com.qa.rest.tests.GetCallBDD.hasSize(GetCallBDD.java:36)
at com.qa.rest.tests.GetCallBDD.hasSize(GetCallBDD.java:36)
at com.qa.rest.tests.GetCallBDD.hasSize(GetCallBDD.java:36)
at com.qa.rest.tests.GetCallBDD.hasSize(GetCallBDD.java:36)
at com.qa.rest.tests.GetCallBDD.hasSize(GetCallBDD.java:36)
at com.qa.rest.tests.GetCallBDD.hasSize(GetCallBDD.java:36)
at com.qa.rest.tests.GetCallBDD.hasSize(GetCallBDD.java:36)
at com.qa.rest.tests.GetCallBDD.hasSize(GetCallBDD.java:36)
at com.qa.rest.tests.GetCallBDD.hasSize(GetCallBDD.java:36)
at com.qa.rest.tests.GetCallBDD.hasSize(GetCallBDD.java:36)
at com.qa.rest.tests.GetCallBDD.hasSize(GetCallBDD.java:36)
at com.qa.rest.tests.GetCallBDD.hasSize(GetCallBDD.java:36)
at com.qa.rest.tests.GetCallBDD.hasSize(GetCallBDD.java:36)
at com.qa.rest.tests.GetCallBDD.hasSize(GetCallBDD.java:36)
at com.qa.rest.tests.GetCallBDD.hasSize(GetCallBDD.java:36)
at com.qa.rest.tests.GetCallBDD.hasSize(GetCallBDD.java:36)
at com.qa.rest.tests.GetCallBDD.hasSize(GetCallBDD.java:36)
at com.qa.rest.tests.GetCallBDD.hasSize(GetCallBDD.java:36)
at com.qa.rest.tests.GetCallBDD.hasSize(GetCallBDD.java:36)
at com.qa.rest.tests.GetCallBDD.hasSize(GetCallBDD.java:36)
at com.qa.rest.tests.GetCallBDD.hasSize(GetCallBDD.java:36)
at com.qa.rest.tests.GetCallBDD.hasSize(GetCallBDD.java:36)
at com.qa.rest.tests.GetCallBDD.hasSize(GetCallBDD.java:36)
at com.qa.rest.tests.GetCallBDD.hasSize(GetCallBDD.java:36)
at com.qa.rest.tests.GetCallBDD.hasSize(GetCallBDD.java:36)
at com.qa.rest.tests.GetCallBDD.hasSize(GetCallBDD.java:36)
at com.qa.rest.tests.GetCallBDD.hasSize(GetCallBDD.java:36)
at com.qa.rest.tests.GetCallBDD.hasSize(GetCallBDD.java:36)
at com.qa.rest.tests.GetCallBDD.hasSize(GetCallBDD.java:36)
at com.qa.rest.tests.GetCallBDD.hasSize(GetCallBDD.java:36)
at com.qa.rest.tests.GetCallBDD.hasSize(GetCallBDD.java:36)
at com.qa.rest.tests.GetCallBDD.hasSize(GetCallBDD.java:36)
at com.qa.rest.tests.GetCallBDD.hasSize(GetCallBDD.java:36)
at com.qa.rest.tests.GetCallBDD.hasSize(GetCallBDD.java:36)
at com.qa.rest.tests.GetCallBDD.hasSize(GetCallBDD.java:36)
at com.qa.rest.tests.GetCallBDD.hasSize(GetCallBDD.java:36)
at com.qa.rest.tests.GetCallBDD.hasSize(GetCallBDD.java:36)
at com.qa.rest.tests.GetCallBDD.hasSize(GetCallBDD.java:36)
at com.qa.rest.tests.GetCallBDD.hasSize(GetCallBDD.java:36)
at com.qa.rest.tests.GetCallBDD.hasSize(GetCallBDD.java:36)
at com.qa.rest.tests.GetCallBDD.hasSize(GetCallBDD.java:36)
at com.qa.rest.tests.GetCallBDD.hasSize(GetCallBDD.java:36)
at com.qa.rest.tests.GetCallBDD.hasSize(GetCallBDD.java:36)
at com.qa.rest.tests.GetCallBDD.hasSize(GetCallBDD.java:36)
at com.qa.rest.tests.GetCallBDD.hasSize(GetCallBDD.java:36)
at com.qa.rest.tests.GetCallBDD.hasSize(GetCallBDD.java:36)
at com.qa.rest.tests.GetCallBDD.hasSize(GetCallBDD.java:36)
at com.qa.rest.tests.GetCallBDD.hasSize(GetCallBDD.java:36)
at com.qa.rest.tests.GetCallBDD.hasSize(GetCallBDD.java:36)
at com.qa.rest.tests.GetCallBDD.hasSize(GetCallBDD.java:36)
at com.qa.rest.tests.GetCallBDD.hasSize(GetCallBDD.java:36)
at com.qa.rest.tests.GetCallBDD.hasSize(GetCallBDD.java:36)
at com.qa.rest.tests.GetCallBDD.hasSize(GetCallBDD.java:36)
at com.qa.rest.tests.GetCallBDD.hasSize(GetCallBDD.java:36)
at com.qa.rest.tests.GetCallBDD.hasSize(GetCallBDD.java:36)
at com.qa.rest.tests.GetCallBDD.hasSize(GetCallBDD.java:36)
at com.qa.rest.tests.GetCallBDD.hasSize(GetCallBDD.java:36)
at com.qa.rest.tests.GetCallBDD.hasSize(GetCallBDD.java:36)
at com.qa.rest.tests.GetCallBDD.hasSize(GetCallBDD.java:36)
at com.qa.rest.tests.GetCallBDD.hasSize(GetCallBDD.java:36)
at com.qa.rest.tests.GetCallBDD.hasSize(GetCallBDD.java:36)
at com.qa.rest.tests.GetCallBDD.hasSize(GetCallBDD.java:36)
at com.qa.rest.tests.GetCallBDD.hasSize(GetCallBDD.java:36)
at com.qa.rest.tests.GetCallBDD.hasSize(GetCallBDD.java:36)
at com.qa.rest.tests.GetCallBDD.hasSize(GetCallBDD.java:36)
at com.qa.rest.tests.GetCallBDD.hasSize(GetCallBDD.java:36)
at com.qa.rest.tests.GetCallBDD.hasSize(GetCallBDD.java:36)
at com.qa.rest.tests.GetCallBDD.hasSize(GetCallBDD.java:36)
at com.qa.rest.tests.GetCallBDD.hasSize(GetCallBDD.java:36)
at com.qa.rest.tests.GetCallBDD.hasSize(GetCallBDD.java:36)
at com.qa.rest.tests.GetCallBDD.hasSize(GetCallBDD.java:36)
at com.qa.rest.tests.GetCallBDD.hasSize(GetCallBDD.java:36)
at com.qa.rest.tests.GetCallBDD.hasSize(GetCallBDD.java:36)
at com.qa.rest.tests.GetCallBDD.hasSize(GetCallBDD.java:36)
at com.qa.rest.tests.GetCallBDD.hasSize(GetCallBDD.java:36)
at com.qa.rest.tests.GetCallBDD.hasSize(GetCallBDD.java:36)
at com.qa.rest.tests.GetCallBDD.hasSize(GetCallBDD.java:36)
at com.qa.rest.tests.GetCallBDD.hasSize(GetCallBDD.java:36)
at com.qa.rest.tests.GetCallBDD.hasSize(GetCallBDD.java:36)
at com.qa.rest.tests.GetCallBDD.hasSize(GetCallBDD.java:36)
at com.qa.rest.tests.GetCallBDD.hasSize(GetCallBDD.java:36)
at com.qa.rest.tests.GetCallBDD.hasSize(GetCallBDD.java:36)
at com.qa.rest.tests.GetCallBDD.hasSize(GetCallBDD.java:36)
at com.qa.rest.tests.GetCallBDD.hasSize(GetCallBDD.java:36)
at com.qa.rest.tests.GetCallBDD.hasSize(GetCallBDD.java:36)
at com.qa.rest.tests.GetCallBDD.hasSize(GetCallBDD.java:36)
at com.qa.rest.tests.GetCallBDD.hasSize(GetCallBDD.java:36)
at com.qa.rest.tests.GetCallBDD.hasSize(GetCallBDD.java:36)
at com.qa.rest.tests.GetCallBDD.hasSize(GetCallBDD.java:36)
at com.qa.rest.tests.GetCallBDD.hasSize(GetCallBDD.java:36)
at com.qa.rest.tests.GetCallBDD.hasSize(GetCallBDD.java:36)
at com.qa.rest.tests.GetCallBDD.hasSize(GetCallBDD.java:36)
at com.qa.rest.tests.GetCallBDD.hasSize(GetCallBDD.java:36)
at com.qa.rest.tests.GetCallBDD.hasSize(GetCallBDD.java:36)
at com.qa.rest.tests.GetCallBDD.hasSize(GetCallBDD.java:36)
at com.qa.rest.tests.GetCallBDD.hasSize(GetCallBDD.java:36)
at com.qa.rest.tests.GetCallBDD.hasSize(GetCallBDD.java:36)
at com.qa.rest.tests.GetCallBDD.hasSize(GetCallBDD.java:36)
at com.qa.rest.tests.GetCallBDD.hasSize(GetCallBDD.java:36)
at com.qa.rest.tests.GetCallBDD.hasSize(GetCallBDD.java:36)
at com.qa.rest.tests.GetCallBDD.hasSize(GetCallBDD.java:36)
at com.qa.rest.tests.GetCallBDD.hasSize(GetCallBDD.java:36)
at com.qa.rest.tests.GetCallBDD.hasSize(GetCallBDD.java:36)
at com.qa.rest.tests.GetCallBDD.hasSize(GetCallBDD.java:36)
at com.qa.rest.tests.GetCallBDD.hasSize(GetCallBDD.java:36)
at com.qa.rest.tests.GetCallBDD.hasSize(GetCallBDD.java:36)
at com.qa.rest.tests.GetCallBDD.hasSize(GetCallBDD.java:36)
at com.qa.rest.tests.GetCallBDD.hasSize(GetCallBDD.java:36)
at com.qa.rest.tests.GetCallBDD.hasSize(GetCallBDD.java:36)
at com.qa.rest.tests.GetCallBDD.hasSize(GetCallBDD.java:36)
at com.qa.rest.tests.GetCallBDD.hasSize(GetCallBDD.java:36)
at com.qa.rest.tests.GetCallBDD.hasSize(GetCallBDD.java:36)
at com.qa.rest.tests.GetCallBDD.hasSize(GetCallBDD.java:36)
at com.qa.rest.tests.GetCallBDD.hasSize(GetCallBDD.java:36)
at com.qa.rest.tests.GetCallBDD.hasSize(GetCallBDD.java:36)
at com.qa.rest.tests.GetCallBDD.hasSize(GetCallBDD.java:36)
at com.qa.rest.tests.GetCallBDD.hasSize(GetCallBDD.java:36)
at com.qa.rest.tests.GetCallBDD.hasSize(GetCallBDD.java:36)
at com.qa.rest.tests.GetCallBDD.hasSize(GetCallBDD.java:36)
at com.qa.rest.tests.GetCallBDD.hasSize(GetCallBDD.java:36)
at com.qa.rest.tests.GetCallBDD.hasSize(GetCallBDD.java:36)
at com.qa.rest.tests.GetCallBDD.hasSize(GetCallBDD.java:36)
at com.qa.rest.tests.GetCallBDD.hasSize(GetCallBDD.java:36)
at com.qa.rest.tests.GetCallBDD.hasSize(GetCallBDD.java:36)
at com.qa.rest.tests.GetCallBDD.hasSize(GetCallBDD.java:36)
at com.qa.rest.tests.GetCallBDD.hasSize(GetCallBDD.java:36)
at com.qa.rest.tests.GetCallBDD.hasSize(GetCallBDD.java:36)
at com.qa.rest.tests.GetCallBDD.hasSize(GetCallBDD.java:36)
at com.qa.rest.tests.GetCallBDD.hasSize(GetCallBDD.java:36)
at com.qa.rest.tests.GetCallBDD.hasSize(GetCallBDD.java:36)
at com.qa.rest.tests.GetCallBDD.hasSize(GetCallBDD.java:36)
at com.qa.rest.tests.GetCallBDD.hasSize(GetCallBDD.java:36)
at com.qa.rest.tests.GetCallBDD.hasSize(GetCallBDD.java:36)
at com.qa.rest.tests.GetCallBDD.hasSize(GetCallBDD.java:36)
at com.qa.rest.tests.GetCallBDD.hasSize(GetCallBDD.java:36)
at com.qa.rest.tests.GetCallBDD.hasSize(GetCallBDD.java:36)
at com.qa.rest.tests.GetCallBDD.hasSize(GetCallBDD.java:36)
at com.qa.rest.tests.GetCallBDD.hasSize(GetCallBDD.java:36)
at com.qa.rest.tests.GetCallBDD.hasSize(GetCallBDD.java:36)
at com.qa.rest.tests.GetCallBDD.hasSize(GetCallBDD.java:36)
at com.qa.rest.tests.GetCallBDD.hasSize(GetCallBDD.java:36)
at com.qa.rest.tests.GetCallBDD.hasSize(GetCallBDD.java:36)
at com.qa.rest.tests.GetCallBDD.hasSize(GetCallBDD.java:36)
at com.qa.rest.tests.GetCallBDD.hasSize(GetCallBDD.java:36)
at com.qa.rest.tests.GetCallBDD.hasSize(GetCallBDD.java:36)
at com.qa.rest.tests.GetCallBDD.hasSize(GetCallBDD.java:36)
at com.qa.rest.tests.GetCallBDD.hasSize(GetCallBDD.java:36)
at com.qa.rest.tests.GetCallBDD.hasSize(GetCallBDD.java:36)
at com.qa.rest.tests.GetCallBDD.hasSize(GetCallBDD.java:36)
at com.qa.rest.tests.GetCallBDD.hasSize(GetCallBDD.java:36)
at com.qa.rest.tests.GetCallBDD.hasSize(GetCallBDD.java:36)
at com.qa.rest.tests.GetCallBDD.hasSize(GetCallBDD.java:36)
at com.qa.rest.tests.GetCallBDD.hasSize(GetCallBDD.java:36)
at com.qa.rest.tests.GetCallBDD.hasSize(GetCallBDD.java:36)
at com.qa.rest.tests.GetCallBDD.hasSize(GetCallBDD.java:36)
at com.qa.rest.tests.GetCallBDD.hasSize(GetCallBDD.java:36)
at com.qa.rest.tests.GetCallBDD.hasSize(GetCallBDD.java:36)
at com.qa.rest.tests.GetCallBDD.hasSize(GetCallBDD.java:36)
at com.qa.rest.tests.GetCallBDD.hasSize(GetCallBDD.java:36)
at com.qa.rest.tests.GetCallBDD.hasSize(GetCallBDD.java:36)
at com.qa.rest.tests.GetCallBDD.hasSize(GetCallBDD.java:36)
at com.qa.rest.tests.GetCallBDD.hasSize(GetCallBDD.java:36)
at com.qa.rest.tests.GetCallBDD.hasSize(GetCallBDD.java:36)
at com.qa.rest.tests.GetCallBDD.hasSize(GetCallBDD.java:36)
at com.qa.rest.tests.GetCallBDD.hasSize(GetCallBDD.java:36)
at com.qa.rest.tests.GetCallBDD.hasSize(GetCallBDD.java:36)
at com.qa.rest.tests.GetCallBDD.hasSize(GetCallBDD.java:36)
at com.qa.rest.tests.GetCallBDD.hasSize(GetCallBDD.java:36)
at com.qa.rest.tests.GetCallBDD.hasSize(GetCallBDD.java:36)
at com.qa.rest.tests.GetCallBDD.hasSize(GetCallBDD.java:36)
at com.qa.rest.tests.GetCallBDD.hasSize(GetCallBDD.java:36)
at com.qa.rest.tests.GetCallBDD.hasSize(GetCallBDD.java:36)
at com.qa.rest.tests.GetCallBDD.hasSize(GetCallBDD.java:36)
at com.qa.rest.tests.GetCallBDD.hasSize(GetCallBDD.java:36)
at com.qa.rest.tests.GetCallBDD.hasSize(GetCallBDD.java:36)
at com.qa.rest.tests.GetCallBDD.hasSize(GetCallBDD.java:36)
at com.qa.rest.tests.GetCallBDD.hasSize(GetCallBDD.java:36)
at com.qa.rest.tests.GetCallBDD.hasSize(GetCallBDD.java:36)
at com.qa.rest.tests.GetCallBDD.hasSize(GetCallBDD.java:36)
at com.qa.rest.tests.GetCallBDD.hasSize(GetCallBDD.java:36)
at com.qa.rest.tests.GetCallBDD.hasSize(GetCallBDD.java:36)
at com.qa.rest.tests.GetCallBDD.hasSize(GetCallBDD.java:36)
at com.qa.rest.tests.GetCallBDD.hasSize(GetCallBDD.java:36)
at com.qa.rest.tests.GetCallBDD.hasSize(GetCallBDD.java:36)
at com.qa.rest.tests.GetCallBDD.hasSize(GetCallBDD.java:36)
at com.qa.rest.tests.GetCallBDD.hasSize(GetCallBDD.java:36)
at com.qa.rest.tests.GetCallBDD.hasSize(GetCallBDD.java:36)
at com.qa.rest.tests.GetCallBDD.hasSize(GetCallBDD.java:36)
at com.qa.rest.tests.GetCallBDD.hasSize(GetCallBDD.java:36)
at com.qa.rest.tests.GetCallBDD.hasSize(GetCallBDD.java:36)
at com.qa.rest.tests.GetCallBDD.hasSize(GetCallBDD.java:36)
at com.qa.rest.tests.GetCallBDD.hasSize(GetCallBDD.java:36)
at com.qa.rest.tests.GetCallBDD.hasSize(GetCallBDD.java:36)
at com.qa.rest.tests.GetCallBDD.hasSize(GetCallBDD.java:36)
at com.qa.rest.tests.GetCallBDD.hasSize(GetCallBDD.java:36)
at com.qa.rest.tests.GetCallBDD.hasSize(GetCallBDD.java:36)
at com.qa.rest.tests.GetCallBDD.hasSize(GetCallBDD.java:36)
at com.qa.rest.tests.GetCallBDD.hasSize(GetCallBDD.java:36)
at com.qa.rest.tests.GetCallBDD.hasSize(GetCallBDD.java:36)
at com.qa.rest.tests.GetCallBDD.hasSize(GetCallBDD.java:36)
at com.qa.rest.tests.GetCallBDD.hasSize(GetCallBDD.java:36)
at com.qa.rest.tests.GetCallBDD.hasSize(GetCallBDD.java:36)
at com.qa.rest.tests.GetCallBDD.hasSize(GetCallBDD.java:36)
at com.qa.rest.tests.GetCallBDD.hasSize(GetCallBDD.java:36)
at com.qa.rest.tests.GetCallBDD.hasSize(GetCallBDD.java:36)
at com.qa.rest.tests.GetCallBDD.hasSize(GetCallBDD.java:36)
at com.qa.rest.tests.GetCallBDD.hasSize(GetCallBDD.java:36)
at com.qa.rest.tests.GetCallBDD.hasSize(GetCallBDD.java:36)
at com.qa.rest.tests.GetCallBDD.hasSize(GetCallBDD.java:36)
at com.qa.rest.tests.GetCallBDD.hasSize(GetCallBDD.java:36)
at com.qa.rest.tests.GetCallBDD.hasSize(GetCallBDD.java:36)
at com.qa.rest.tests.GetCallBDD.hasSize(GetCallBDD.java:36)
at com.qa.rest.tests.GetCallBDD.hasSize(GetCallBDD.java:36)
at com.qa.rest.tests.GetCallBDD.hasSize(GetCallBDD.java:36)
at com.qa.rest.tests.GetCallBDD.hasSize(GetCallBDD.java:36)
at com.qa.rest.tests.GetCallBDD.hasSize(GetCallBDD.java:36)
at com.qa.rest.tests.GetCallBDD.hasSize(GetCallBDD.java:36)
at com.qa.rest.tests.GetCallBDD.hasSize(GetCallBDD.java:36)
at com.qa.rest.tests.GetCallBDD.hasSize(GetCallBDD.java:36)
at com.qa.rest.tests.GetCallBDD.hasSize(GetCallBDD.java:36)
at com.qa.rest.tests.GetCallBDD.hasSize(GetCallBDD.java:36)
at com.qa.rest.tests.GetCallBDD.hasSize(GetCallBDD.java:36)
at com.qa.rest.tests.GetCallBDD.hasSize(GetCallBDD.java:36)
at com.qa.rest.tests.GetCallBDD.hasSize(GetCallBDD.java:36)
at com.qa.rest.tests.GetCallBDD.hasSize(GetCallBDD.java:36)
at com.qa.rest.tests.GetCallBDD.hasSize(GetCallBDD.java:36)
at com.qa.rest.tests.GetCallBDD.hasSize(GetCallBDD.java:36)
at com.qa.rest.tests.GetCallBDD.hasSize(GetCallBDD.java:36)
at com.qa.rest.tests.GetCallBDD.hasSize(GetCallBDD.java:36)
at com.qa.rest.tests.GetCallBDD.hasSize(GetCallBDD.java:36)
at com.qa.rest.tests.GetCallBDD.hasSize(GetCallBDD.java:36)
at com.qa.rest.tests.GetCallBDD.hasSize(GetCallBDD.java:36)
at com.qa.rest.tests.GetCallBDD.hasSize(GetCallBDD.java:36)
at com.qa.rest.tests.GetCallBDD.hasSize(GetCallBDD.java:36)
at com.qa.rest.tests.GetCallBDD.hasSize(GetCallBDD.java:36)
at com.qa.rest.tests.GetCallBDD.hasSize(GetCallBDD.java:36)
at com.qa.rest.tests.GetCallBDD.hasSize(GetCallBDD.java:36)
at com.qa.rest.tests.GetCallBDD.hasSize(GetCallBDD.java:36)
at com.qa.rest.tests.GetCallBDD.hasSize(GetCallBDD.java:36)
at com.qa.rest.tests.GetCallBDD.hasSize(GetCallBDD.java:36)
at com.qa.rest.tests.GetCallBDD.hasSize(GetCallBDD.java:36)
at com.qa.rest.tests.GetCallBDD.hasSize(GetCallBDD.java:36)
at com.qa.rest.tests.GetCallBDD.hasSize(GetCallBDD.java:36)
at com.qa.rest.tests.GetCallBDD.hasSize(GetCallBDD.java:36)
at com.qa.rest.tests.GetCallBDD.hasSize(GetCallBDD.java:36)
at com.qa.rest.tests.GetCallBDD.hasSize(GetCallBDD.java:36)
at com.qa.rest.tests.GetCallBDD.hasSize(GetCallBDD.java:36)
at com.qa.rest.tests.GetCallBDD.hasSize(GetCallBDD.java:36)
at com.qa.rest.tests.GetCallBDD.hasSize(GetCallBDD.java:36)
at com.qa.rest.tests.GetCallBDD.hasSize(GetCallBDD.java:36)
at com.qa.rest.tests.GetCallBDD.hasSize(GetCallBDD.java:36)
at com.qa.rest.tests.GetCallBDD.hasSize(GetCallBDD.java:36)
at com.qa.rest.tests.GetCallBDD.hasSize(GetCallBDD.java:36)
at com.qa.rest.tests.GetCallBDD.hasSize(GetCallBDD.java:36)
at com.qa.rest.tests.GetCallBDD.hasSize(GetCallBDD.java:36)
at com.qa.rest.tests.GetCallBDD.hasSize(GetCallBDD.java:36)
at com.qa.rest.tests.GetCallBDD.hasSize(GetCallBDD.java:36)
at com.qa.rest.tests.GetCallBDD.hasSize(GetCallBDD.java:36)
at com.qa.rest.tests.GetCallBDD.hasSize(GetCallBDD.java:36)
at com.qa.rest.tests.GetCallBDD.hasSize(GetCallBDD.java:36)
at com.qa.rest.tests.GetCallBDD.hasSize(GetCallBDD.java:36)
at com.qa.rest.tests.GetCallBDD.hasSize(GetCallBDD.java:36)
at com.qa.rest.tests.GetCallBDD.hasSize(GetCallBDD.java:36)
at com.qa.rest.tests.GetCallBDD.hasSize(GetCallBDD.java:36)
at com.qa.rest.tests.GetCallBDD.hasSize(GetCallBDD.java:36)
at com.qa.rest.tests.GetCallBDD.hasSize(GetCallBDD.java:36)
at com.qa.rest.tests.GetCallBDD.hasSize(GetCallBDD.java:36)
at com.qa.rest.tests.GetCallBDD.hasSize(GetCallBDD.java:36)
at com.qa.rest.tests.GetCallBDD.hasSize(GetCallBDD.java:36)
at com.qa.rest.tests.GetCallBDD.hasSize(GetCallBDD.java:36)
at com.qa.rest.tests.GetCallBDD.hasSize(GetCallBDD.java:36)
at com.qa.rest.tests.GetCallBDD.hasSize(GetCallBDD.java:36)
at com.qa.rest.tests.GetCallBDD.hasSize(GetCallBDD.java:36)
at com.qa.rest.tests.GetCallBDD.hasSize(GetCallBDD.java:36)
at com.qa.rest.tests.GetCallBDD.hasSize(GetCallBDD.java:36)
at com.qa.rest.tests.GetCallBDD.hasSize(GetCallBDD.java:36)
at com.qa.rest.tests.GetCallBDD.hasSize(GetCallBDD.java:36)
at com.qa.rest.tests.GetCallBDD.hasSize(GetCallBDD.java:36)
at com.qa.rest.tests.GetCallBDD.hasSize(GetCallBDD.java:36)
at com.qa.rest.tests.GetCallBDD.hasSize(GetCallBDD.java:36)
at com.qa.rest.tests.GetCallBDD.hasSize(GetCallBDD.java:36)
at com.qa.rest.tests.GetCallBDD.hasSize(GetCallBDD.java:36)
at com.qa.rest.tests.GetCallBDD.hasSize(GetCallBDD.java:36)
at com.qa.rest.tests.GetCallBDD.hasSize(GetCallBDD.java:36)
at com.qa.rest.tests.GetCallBDD.hasSize(GetCallBDD.java:36)
at com.qa.rest.tests.GetCallBDD.hasSize(GetCallBDD.java:36)
at com.qa.rest.tests.GetCallBDD.hasSize(GetCallBDD.java:36)
at com.qa.rest.tests.GetCallBDD.hasSize(GetCallBDD.java:36)
at com.qa.rest.tests.GetCallBDD.hasSize(GetCallBDD.java:36)
at com.qa.rest.tests.GetCallBDD.hasSize(GetCallBDD.java:36)
at com.qa.rest.tests.GetCallBDD.hasSize(GetCallBDD.java:36)
at com.qa.rest.tests.GetCallBDD.hasSize(GetCallBDD.java:36)
at com.qa.rest.tests.GetCallBDD.hasSize(GetCallBDD.java:36)
at com.qa.rest.tests.GetCallBDD.hasSize(GetCallBDD.java:36)
at com.qa.rest.tests.GetCallBDD.hasSize(GetCallBDD.java:36)
at com.qa.rest.tests.GetCallBDD.hasSize(GetCallBDD.java:36)
at com.qa.rest.tests.GetCallBDD.hasSize(GetCallBDD.java:36)
at com.qa.rest.tests.GetCallBDD.hasSize(GetCallBDD.java:36)
at com.qa.rest.tests.GetCallBDD.hasSize(GetCallBDD.java:36)
at com.qa.rest.tests.GetCallBDD.hasSize(GetCallBDD.java:36)
at com.qa.rest.tests.GetCallBDD.hasSize(GetCallBDD.java:36)
at com.qa.rest.tests.GetCallBDD.hasSize(GetCallBDD.java:36)
at com.qa.rest.tests.GetCallBDD.hasSize(GetCallBDD.java:36)
at com.qa.rest.tests.GetCallBDD.hasSize(GetCallBDD.java:36)
at com.qa.rest.tests.GetCallBDD.hasSize(GetCallBDD.java:36)
at com.qa.rest.tests.GetCallBDD.hasSize(GetCallBDD.java:36)
at com.qa.rest.tests.GetCallBDD.hasSize(GetCallBDD.java:36)
at com.qa.rest.tests.GetCallBDD.hasSize(GetCallBDD.java:36)
at com.qa.rest.tests.GetCallBDD.hasSize(GetCallBDD.java:36)
at com.qa.rest.tests.GetCallBDD.hasSize(GetCallBDD.java:36)
at com.qa.rest.tests.GetCallBDD.hasSize(GetCallBDD.java:36)
at com.qa.rest.tests.GetCallBDD.hasSize(GetCallBDD.java:36)
at com.qa.rest.tests.GetCallBDD.hasSize(GetCallBDD.java:36)
at com.qa.rest.tests.GetCallBDD.hasSize(GetCallBDD.java:36)
at com.qa.rest.tests.GetCallBDD.hasSize(GetCallBDD.java:36)
at com.qa.rest.tests.GetCallBDD.hasSize(GetCallBDD.java:36)
at com.qa.rest.tests.GetCallBDD.hasSize(GetCallBDD.java:36)
at com.qa.rest.tests.GetCallBDD.hasSize(GetCallBDD.java:36)
at com.qa.rest.tests.GetCallBDD.hasSize(GetCallBDD.java:36)
at com.qa.rest.tests.GetCallBDD.hasSize(GetCallBDD.java:36)
at com.qa.rest.tests.GetCallBDD.hasSize(GetCallBDD.java:36)
at com.qa.rest.tests.GetCallBDD.hasSize(GetCallBDD.java:36)
at com.qa.rest.tests.GetCallBDD.hasSize(GetCallBDD.java:36)
at com.qa.rest.tests.GetCallBDD.hasSize(GetCallBDD.java:36)
at com.qa.rest.tests.GetCallBDD.hasSize(GetCallBDD.java:36)
at com.qa.rest.tests.GetCallBDD.hasSize(GetCallBDD.java:36)
at com.qa.rest.tests.GetCallBDD.hasSize(GetCallBDD.java:36)
at com.qa.rest.tests.GetCallBDD.hasSize(GetCallBDD.java:36)
at com.qa.rest.tests.GetCallBDD.hasSize(GetCallBDD.java:36)
at com.qa.rest.tests.GetCallBDD.hasSize(GetCallBDD.java:36)
at com.qa.rest.tests.GetCallBDD.hasSize(GetCallBDD.java:36)
at com.qa.rest.tests.GetCallBDD.hasSize(GetCallBDD.java:36)
at com.qa.rest.tests.GetCallBDD.hasSize(GetCallBDD.java:36)
at com.qa.rest.tests.GetCallBDD.hasSize(GetCallBDD.java:36)
at com.qa.rest.tests.GetCallBDD.hasSize(GetCallBDD.java:36)
at com.qa.rest.tests.GetCallBDD.hasSize(GetCallBDD.java:36)
at com.qa.rest.tests.GetCallBDD.hasSize(GetCallBDD.java:36)
at com.qa.rest.tests.GetCallBDD.hasSize(GetCallBDD.java:36)
at com.qa.rest.tests.GetCallBDD.hasSize(GetCallBDD.java:36)
at com.qa.rest.tests.GetCallBDD.hasSize(GetCallBDD.java:36)
at com.qa.rest.tests.GetCallBDD.hasSize(GetCallBDD.java:36)
at com.qa.rest.tests.GetCallBDD.hasSize(GetCallBDD.java:36)
at com.qa.rest.tests.GetCallBDD.hasSize(GetCallBDD.java:36)
at com.qa.rest.tests.GetCallBDD.hasSize(GetCallBDD.java:36)
at com.qa.rest.tests.GetCallBDD.hasSize(GetCallBDD.java:36)
at com.qa.rest.tests.GetCallBDD.hasSize(GetCallBDD.java:36)
at com.qa.rest.tests.GetCallBDD.hasSize(GetCallBDD.java:36)
at com.qa.rest.tests.GetCallBDD.hasSize(GetCallBDD.java:36)
at com.qa.rest.tests.GetCallBDD.hasSize(GetCallBDD.java:36)
at com.qa.rest.tests.GetCallBDD.hasSize(GetCallBDD.java:36)
at com.qa.rest.tests.GetCallBDD.hasSize(GetCallBDD.java:36)
at com.qa.rest.tests.GetCallBDD.hasSize(GetCallBDD.java:36)
at com.qa.rest.tests.GetCallBDD.hasSize(GetCallBDD.java:36)
at com.qa.rest.tests.GetCallBDD.hasSize(GetCallBDD.java:36)
at com.qa.rest.tests.GetCallBDD.hasSize(GetCallBDD.java:36)
at com.qa.rest.tests.GetCallBDD.hasSize(GetCallBDD.java:36)
at com.qa.rest.tests.GetCallBDD.hasSize(GetCallBDD.java:36)
at com.qa.rest.tests.GetCallBDD.hasSize(GetCallBDD.java:36)
at com.qa.rest.tests.GetCallBDD.hasSize(GetCallBDD.java:36)
at com.qa.rest.tests.GetCallBDD.hasSize(GetCallBDD.java:36)
at com.qa.rest.tests.GetCallBDD.hasSize(GetCallBDD.java:36)
at com.qa.rest.tests.GetCallBDD.hasSize(GetCallBDD.java:36)
at com.qa.rest.tests.GetCallBDD.hasSize(GetCallBDD.java:36)
at com.qa.rest.tests.GetCallBDD.hasSize(GetCallBDD.java:36)
at com.qa.rest.tests.GetCallBDD.hasSize(GetCallBDD.java:36)
at com.qa.rest.tests.GetCallBDD.hasSize(GetCallBDD.java:36)
at com.qa.rest.tests.GetCallBDD.hasSize(GetCallBDD.java:36)
at com.qa.rest.tests.GetCallBDD.hasSize(GetCallBDD.java:36)
at com.qa.rest.tests.GetCallBDD.hasSize(GetCallBDD.java:36)
at com.qa.rest.tests.GetCallBDD.hasSize(GetCallBDD.java:36)
at com.qa.rest.tests.GetCallBDD.hasSize(GetCallBDD.java:36)
at com.qa.rest.tests.GetCallBDD.hasSize(GetCallBDD.java:36)
at com.qa.rest.tests.GetCallBDD.hasSize(GetCallBDD.java:36)
at com.qa.rest.tests.GetCallBDD.hasSize(GetCallBDD.java:36)
at com.qa.rest.tests.GetCallBDD.hasSize(GetCallBDD.java:36)
at com.qa.rest.tests.GetCallBDD.hasSize(GetCallBDD.java:36)
at com.qa.rest.tests.GetCallBDD.hasSize(GetCallBDD.java:36)
at com.qa.rest.tests.GetCallBDD.hasSize(GetCallBDD.java:36)
at com.qa.rest.tests.GetCallBDD.hasSize(GetCallBDD.java:36)
at com.qa.rest.tests.GetCallBDD.hasSize(GetCallBDD.java:36)
at com.qa.rest.tests.GetCallBDD.hasSize(GetCallBDD.java:36)
at com.qa.rest.tests.GetCallBDD.hasSize(GetCallBDD.java:36)
at com.qa.rest.tests.GetCallBDD.hasSize(GetCallBDD.java:36)
at com.qa.rest.tests.GetCallBDD.hasSize(GetCallBDD.java:36)
at com.qa.rest.tests.GetCallBDD.hasSize(GetCallBDD.java:36)
at com.qa.rest.tests.GetCallBDD.hasSize(GetCallBDD.java:36)
at com.qa.rest.tests.GetCallBDD.hasSize(GetCallBDD.java:36)
at com.qa.rest.tests.GetCallBDD.hasSize(GetCallBDD.java:36)
at com.qa.rest.tests.GetCallBDD.hasSize(GetCallBDD.java:36)
at com.qa.rest.tests.GetCallBDD.hasSize(GetCallBDD.java:36)
at com.qa.rest.tests.GetCallBDD.hasSize(GetCallBDD.java:36)
at com.qa.rest.tests.GetCallBDD.hasSize(GetCallBDD.java:36)
at com.qa.rest.tests.GetCallBDD.hasSize(GetCallBDD.java:36)
at com.qa.rest.tests.GetCallBDD.hasSize(GetCallBDD.java:36)
at com.qa.rest.tests.GetCallBDD.hasSize(GetCallBDD.java:36)
at com.qa.rest.tests.GetCallBDD.hasSize(GetCallBDD.java:36)
at com.qa.rest.tests.GetCallBDD.hasSize(GetCallBDD.java:36)
at com.qa.rest.tests.GetCallBDD.hasSize(GetCallBDD.java:36)
at com.qa.rest.tests.GetCallBDD.hasSize(GetCallBDD.java:36)
at com.qa.rest.tests.GetCallBDD.hasSize(GetCallBDD.java:36)
at com.qa.rest.tests.GetCallBDD.hasSize(GetCallBDD.java:36)
at com.qa.rest.tests.GetCallBDD.hasSize(GetCallBDD.java:36)
at com.qa.rest.tests.GetCallBDD.hasSize(GetCallBDD.java:36)
at com.qa.rest.tests.GetCallBDD.hasSize(GetCallBDD.java:36)
at com.qa.rest.tests.GetCallBDD.hasSize(GetCallBDD.java:36)
at com.qa.rest.tests.GetCallBDD.hasSize(GetCallBDD.java:36)
at com.qa.rest.tests.GetCallBDD.hasSize(GetCallBDD.java:36)
at com.qa.rest.tests.GetCallBDD.hasSize(GetCallBDD.java:36)
at com.qa.rest.tests.GetCallBDD.hasSize(GetCallBDD.java:36)
at com.qa.rest.tests.GetCallBDD.hasSize(GetCallBDD.java:36)
at com.qa.rest.tests.GetCallBDD.hasSize(GetCallBDD.java:36)
at com.qa.rest.tests.GetCallBDD.hasSize(GetCallBDD.java:36)
at com.qa.rest.tests.GetCallBDD.hasSize(GetCallBDD.java:36)
at com.qa.rest.tests.GetCallBDD.hasSize(GetCallBDD.java:36)
at com.qa.rest.tests.GetCallBDD.hasSize(GetCallBDD.java:36)
at com.qa.rest.tests.GetCallBDD.hasSize(GetCallBDD.java:36)
at com.qa.rest.tests.GetCallBDD.hasSize(GetCallBDD.java:36)
at com.qa.rest.tests.GetCallBDD.hasSize(GetCallBDD.java:36)
at com.qa.rest.tests.GetCallBDD.hasSize(GetCallBDD.java:36)
at com.qa.rest.tests.GetCallBDD.hasSize(GetCallBDD.java:36)
at com.qa.rest.tests.GetCallBDD.hasSize(GetCallBDD.java:36)
at com.qa.rest.tests.GetCallBDD.hasSize(GetCallBDD.java:36)
at com.qa.rest.tests.GetCallBDD.hasSize(GetCallBDD.java:36)
at com.qa.rest.tests.GetCallBDD.hasSize(GetCallBDD.java:36)
at com.qa.rest.tests.GetCallBDD.hasSize(GetCallBDD.java:36)
at com.qa.rest.tests.GetCallBDD.hasSize(GetCallBDD.java:36)
at com.qa.rest.tests.GetCallBDD.hasSize(GetCallBDD.java:36)
at com.qa.rest.tests.GetCallBDD.hasSize(GetCallBDD.java:36)
at com.qa.rest.tests.GetCallBDD.hasSize(GetCallBDD.java:36)
at com.qa.rest.tests.GetCallBDD.hasSize(GetCallBDD.java:36)
at com.qa.rest.tests.GetCallBDD.hasSize(GetCallBDD.java:36)
at com.qa.rest.tests.GetCallBDD.hasSize(GetCallBDD.java:36)
at com.qa.rest.tests.GetCallBDD.hasSize(GetCallBDD.java:36)
at com.qa.rest.tests.GetCallBDD.hasSize(GetCallBDD.java:36)
at com.qa.rest.tests.GetCallBDD.hasSize(GetCallBDD.java:36)
at com.qa.rest.tests.GetCallBDD.hasSize(GetCallBDD.java:36)
at com.qa.rest.tests.GetCallBDD.hasSize(GetCallBDD.java:36)
at com.qa.rest.tests.GetCallBDD.hasSize(GetCallBDD.java:36)
at com.qa.rest.tests.GetCallBDD.hasSize(GetCallBDD.java:36)
at com.qa.rest.tests.GetCallBDD.hasSize(GetCallBDD.java:36)
at com.qa.rest.tests.GetCallBDD.hasSize(GetCallBDD.java:36)
at com.qa.rest.tests.GetCallBDD.hasSize(GetCallBDD.java:36)
at com.qa.rest.tests.GetCallBDD.hasSize(GetCallBDD.java:36)
at com.qa.rest.tests.GetCallBDD.hasSize(GetCallBDD.java:36)
at com.qa.rest.tests.GetCallBDD.hasSize(GetCallBDD.java:36)
at com.qa.rest.tests.GetCallBDD.hasSize(GetCallBDD.java:36)
at com.qa.rest.tests.GetCallBDD.hasSize(GetCallBDD.java:36)
at com.qa.rest.tests.GetCallBDD.hasSize(GetCallBDD.java:36)
at com.qa.rest.tests.GetCallBDD.hasSize(GetCallBDD.java:36)
at com.qa.rest.tests.GetCallBDD.hasSize(GetCallBDD.java:36)
at com.qa.rest.tests.GetCallBDD.hasSize(GetCallBDD.java:36)
at com.qa.rest.tests.GetCallBDD.hasSize(GetCallBDD.java:36)
at com.qa.rest.tests.GetCallBDD.hasSize(GetCallBDD.java:36)
at com.qa.rest.tests.GetCallBDD.hasSize(GetCallBDD.java:36)
at com.qa.rest.tests.GetCallBDD.hasSize(GetCallBDD.java:36)
at com.qa.rest.tests.GetCallBDD.hasSize(GetCallBDD.java:36)
at com.qa.rest.tests.GetCallBDD.hasSize(GetCallBDD.java:36)
at com.qa.rest.tests.GetCallBDD.hasSize(GetCallBDD.java:36)
at com.qa.rest.tests.GetCallBDD.hasSize(GetCallBDD.java:36)
at com.qa.rest.tests.GetCallBDD.hasSize(GetCallBDD.java:36)
at com.qa.rest.tests.GetCallBDD.hasSize(GetCallBDD.java:36)
at com.qa.rest.tests.GetCallBDD.hasSize(GetCallBDD.java:36)
at com.qa.rest.tests.GetCallBDD.hasSize(GetCallBDD.java:36)
at com.qa.rest.tests.GetCallBDD.hasSize(GetCallBDD.java:36)
at com.qa.rest.tests.GetCallBDD.hasSize(GetCallBDD.java:36)
at com.qa.rest.tests.GetCallBDD.hasSize(GetCallBDD.java:36)
at com.qa.rest.tests.GetCallBDD.hasSize(GetCallBDD.java:36)
at com.qa.rest.tests.GetCallBDD.hasSize(GetCallBDD.java:36)
at com.qa.rest.tests.GetCallBDD.hasSize(GetCallBDD.java:36)
at com.qa.rest.tests.GetCallBDD.hasSize(GetCallBDD.java:36)
at com.qa.rest.tests.GetCallBDD.hasSize(GetCallBDD.java:36)
at com.qa.rest.tests.GetCallBDD.hasSize(GetCallBDD.java:36)
at com.qa.rest.tests.GetCallBDD.hasSize(GetCallBDD.java:36)
at com.qa.rest.tests.GetCallBDD.hasSize(GetCallBDD.java:36)
at com.qa.rest.tests.GetCallBDD.hasSize(GetCallBDD.java:36)
at com.qa.rest.tests.GetCallBDD.hasSize(GetCallBDD.java:36)
at com.qa.rest.tests.GetCallBDD.hasSize(GetCallBDD.java:36)
at com.qa.rest.tests.GetCallBDD.hasSize(GetCallBDD.java:36)
at com.qa.rest.tests.GetCallBDD.hasSize(GetCallBDD.java:36)
at com.qa.rest.tests.GetCallBDD.hasSize(GetCallBDD.java:36)
at com.qa.rest.tests.GetCallBDD.hasSize(GetCallBDD.java:36)
at com.qa.rest.tests.GetCallBDD.hasSize(GetCallBDD.java:36)
at com.qa.rest.tests.GetCallBDD.hasSize(GetCallBDD.java:36)
at com.qa.rest.tests.GetCallBDD.hasSize(GetCallBDD.java:36)
at com.qa.rest.tests.GetCallBDD.hasSize(GetCallBDD.java:36)
at com.qa.rest.tests.GetCallBDD.hasSize(GetCallBDD.java:36)
at com.qa.rest.tests.GetCallBDD.hasSize(GetCallBDD.java:36)
at com.qa.rest.tests.GetCallBDD.hasSize(GetCallBDD.java:36)
at com.qa.rest.tests.GetCallBDD.hasSize(GetCallBDD.java:36)
at com.qa.rest.tests.GetCallBDD.hasSize(GetCallBDD.java:36)
at com.qa.rest.tests.GetCallBDD.hasSize(GetCallBDD.java:36)
at com.qa.rest.tests.GetCallBDD.hasSize(GetCallBDD.java:36)
at com.qa.rest.tests.GetCallBDD.hasSize(GetCallBDD.java:36)
at com.qa.rest.tests.GetCallBDD.hasSize(GetCallBDD.java:36)
at com.qa.rest.tests.GetCallBDD.hasSize(GetCallBDD.java:36)
at com.qa.rest.tests.GetCallBDD.hasSize(GetCallBDD.java:36)
at com.qa.rest.tests.GetCallBDD.hasSize(GetCallBDD.java:36)
at com.qa.rest.tests.GetCallBDD.hasSize(GetCallBDD.java:36)
at com.qa.rest.tests.GetCallBDD.hasSize(GetCallBDD.java:36)
at com.qa.rest.tests.GetCallBDD.hasSize(GetCallBDD.java:36)
at com.qa.rest.tests.GetCallBDD.hasSize(GetCallBDD.java:36)
at com.qa.rest.tests.GetCallBDD.hasSize(GetCallBDD.java:36)
at com.qa.rest.tests.GetCallBDD.hasSize(GetCallBDD.java:36)
at com.qa.rest.tests.GetCallBDD.hasSize(GetCallBDD.java:36)
at com.qa.rest.tests.GetCallBDD.hasSize(GetCallBDD.java:36)
at com.qa.rest.tests.GetCallBDD.hasSize(GetCallBDD.java:36)
at com.qa.rest.tests.GetCallBDD.hasSize(GetCallBDD.java:36)
at com.qa.rest.tests.GetCallBDD.hasSize(GetCallBDD.java:36)
at com.qa.rest.tests.GetCallBDD.hasSize(GetCallBDD.java:36)
at com.qa.rest.tests.GetCallBDD.hasSize(GetCallBDD.java:36)
at com.qa.rest.tests.GetCallBDD.hasSize(GetCallBDD.java:36)
at com.qa.rest.tests.GetCallBDD.hasSize(GetCallBDD.java:36)
at com.qa.rest.tests.GetCallBDD.hasSize(GetCallBDD.java:36)
at com.qa.rest.tests.GetCallBDD.hasSize(GetCallBDD.java:36)
at com.qa.rest.tests.GetCallBDD.hasSize(GetCallBDD.java:36)
at com.qa.rest.tests.GetCallBDD.hasSize(GetCallBDD.java:36)
at com.qa.rest.tests.GetCallBDD.hasSize(GetCallBDD.java:36)
at com.qa.rest.tests.GetCallBDD.hasSize(GetCallBDD.java:36)
at com.qa.rest.tests.GetCallBDD.hasSize(GetCallBDD.java:36)
at com.qa.rest.tests.GetCallBDD.hasSize(GetCallBDD.java:36)
at com.qa.rest.tests.GetCallBDD.hasSize(GetCallBDD.java:36)
at com.qa.rest.tests.GetCallBDD.hasSize(GetCallBDD.java:36)
at com.qa.rest.tests.GetCallBDD.hasSize(GetCallBDD.java:36)
at com.qa.rest.tests.GetCallBDD.hasSize(GetCallBDD.java:36)
at com.qa.rest.tests.GetCallBDD.hasSize(GetCallBDD.java:36)
at com.qa.rest.tests.GetCallBDD.hasSize(GetCallBDD.java:36)
at com.qa.rest.tests.GetCallBDD.hasSize(GetCallBDD.java:36)
at com.qa.rest.tests.GetCallBDD.hasSize(GetCallBDD.java:36)
at com.qa.rest.tests.GetCallBDD.hasSize(GetCallBDD.java:36)
at com.qa.rest.tests.GetCallBDD.hasSize(GetCallBDD.java:36)
at com.qa.rest.tests.GetCallBDD.hasSize(GetCallBDD.java:36)
at com.qa.rest.tests.GetCallBDD.hasSize(GetCallBDD.java:36)
at com.qa.rest.tests.GetCallBDD.hasSize(GetCallBDD.java:36)
at com.qa.rest.tests.GetCallBDD.hasSize(GetCallBDD.java:36)
at com.qa.rest.tests.GetCallBDD.hasSize(GetCallBDD.java:36)
at com.qa.rest.tests.GetCallBDD.hasSize(GetCallBDD.java:36)
at com.qa.rest.tests.GetCallBDD.hasSize(GetCallBDD.java:36)
at com.qa.rest.tests.GetCallBDD.hasSize(GetCallBDD.java:36)
at com.qa.rest.tests.GetCallBDD.hasSize(GetCallBDD.java:36)
at com.qa.rest.tests.GetCallBDD.hasSize(GetCallBDD.java:36)
at com.qa.rest.tests.GetCallBDD.hasSize(GetCallBDD.java:36)
at com.qa.rest.tests.GetCallBDD.hasSize(GetCallBDD.java:36)
at com.qa.rest.tests.GetCallBDD.hasSize(GetCallBDD.java:36)
at com.qa.rest.tests.GetCallBDD.hasSize(GetCallBDD.java:36)
at com.qa.rest.tests.GetCallBDD.hasSize(GetCallBDD.java:36)
at com.qa.rest.tests.GetCallBDD.hasSize(GetCallBDD.java:36)
at com.qa.rest.tests.GetCallBDD.hasSize(GetCallBDD.java:36)
at com.qa.rest.tests.GetCallBDD.hasSize(GetCallBDD.java:36)
at com.qa.rest.tests.GetCallBDD.hasSize(GetCallBDD.java:36)
at com.qa.rest.tests.GetCallBDD.hasSize(GetCallBDD.java:36)
at com.qa.rest.tests.GetCallBDD.hasSize(GetCallBDD.java:36)
at com.qa.rest.tests.GetCallBDD.hasSize(GetCallBDD.java:36)
at com.qa.rest.tests.GetCallBDD.hasSize(GetCallBDD.java:36)
at com.qa.rest.tests.GetCallBDD.hasSize(GetCallBDD.java:36)
at com.qa.rest.tests.GetCallBDD.hasSize(GetCallBDD.java:36)
at com.qa.rest.tests.GetCallBDD.hasSize(GetCallBDD.java:36)
at com.qa.rest.tests.GetCallBDD.hasSize(GetCallBDD.java:36)
at com.qa.rest.tests.GetCallBDD.hasSize(GetCallBDD.java:36)
at com.qa.rest.tests.GetCallBDD.hasSize(GetCallBDD.java:36)
at com.qa.rest.tests.GetCallBDD.hasSize(GetCallBDD.java:36)
at com.qa.rest.tests.GetCallBDD.hasSize(GetCallBDD.java:36)
at com.qa.rest.tests.GetCallBDD.hasSize(GetCallBDD.java:36)
at com.qa.rest.tests.GetCallBDD.hasSize(GetCallBDD.java:36)
at com.qa.rest.tests.GetCallBDD.hasSize(GetCallBDD.java:36)
at com.qa.rest.tests.GetCallBDD.hasSize(GetCallBDD.java:36)
at com.qa.rest.tests.GetCallBDD.hasSize(GetCallBDD.java:36)
at com.qa.rest.tests.GetCallBDD.hasSize(GetCallBDD.java:36)
at com.qa.rest.tests.GetCallBDD.hasSize(GetCallBDD.java:36)
at com.qa.rest.tests.GetCallBDD.hasSize(GetCallBDD.java:36)
at com.qa.rest.tests.GetCallBDD.hasSize(GetCallBDD.java:36)
at com.qa.rest.tests.GetCallBDD.hasSize(GetCallBDD.java:36)
at com.qa.rest.tests.GetCallBDD.hasSize(GetCallBDD.java:36)
at com.qa.rest.tests.GetCallBDD.hasSize(GetCallBDD.java:36)
at com.qa.rest.tests.GetCallBDD.hasSize(GetCallBDD.java:36)
at com.qa.rest.tests.GetCallBDD.hasSize(GetCallBDD.java:36)
at com.qa.rest.tests.GetCallBDD.hasSize(GetCallBDD.java:36)
at com.qa.rest.tests.GetCallBDD.hasSize(GetCallBDD.java:36)
at com.qa.rest.tests.GetCallBDD.hasSize(GetCallBDD.java:36)
at com.qa.rest.tests.GetCallBDD.hasSize(GetCallBDD.java:36)
at com.qa.rest.tests.GetCallBDD.hasSize(GetCallBDD.java:36)
at com.qa.rest.tests.GetCallBDD.hasSize(GetCallBDD.java:36)
at com.qa.rest.tests.GetCallBDD.hasSize(GetCallBDD.java:36)
at com.qa.rest.tests.GetCallBDD.hasSize(GetCallBDD.java:36)
at com.qa.rest.tests.GetCallBDD.hasSize(GetCallBDD.java:36)
at com.qa.rest.tests.GetCallBDD.hasSize(GetCallBDD.java:36)
at com.qa.rest.tests.GetCallBDD.hasSize(GetCallBDD.java:36)
at com.qa.rest.tests.GetCallBDD.hasSize(GetCallBDD.java:36)
at com.qa.rest.tests.GetCallBDD.hasSize(GetCallBDD.java:36)
at com.qa.rest.tests.GetCallBDD.hasSize(GetCallBDD.java:36)
at com.qa.rest.tests.GetCallBDD.hasSize(GetCallBDD.java:36)
at com.qa.rest.tests.GetCallBDD.hasSize(GetCallBDD.java:36)
at com.qa.rest.tests.GetCallBDD.hasSize(GetCallBDD.java:36)
at com.qa.rest.tests.GetCallBDD.hasSize(GetCallBDD.java:36)
at com.qa.rest.tests.GetCallBDD.hasSize(GetCallBDD.java:36)
at com.qa.rest.tests.GetCallBDD.hasSize(GetCallBDD.java:36)
at com.qa.rest.tests.GetCallBDD.hasSize(GetCallBDD.java:36)
at com.qa.rest.tests.GetCallBDD.hasSize(GetCallBDD.java:36)
at com.qa.rest.tests.GetCallBDD.hasSize(GetCallBDD.java:36)
at com.qa.rest.tests.GetCallBDD.hasSize(GetCallBDD.java:36)
at com.qa.rest.tests.GetCallBDD.hasSize(GetCallBDD.java:36)
at com.qa.rest.tests.GetCallBDD.hasSize(GetCallBDD.java:36)
at com.qa.rest.tests.GetCallBDD.hasSize(GetCallBDD.java:36)
at com.qa.rest.tests.GetCallBDD.hasSize(GetCallBDD.java:36)
at com.qa.rest.tests.GetCallBDD.hasSize(GetCallBDD.java:36)
at com.qa.rest.tests.GetCallBDD.hasSize(GetCallBDD.java:36)
at com.qa.rest.tests.GetCallBDD.hasSize(GetCallBDD.java:36)
at com.qa.rest.tests.GetCallBDD.hasSize(GetCallBDD.java:36)
at com.qa.rest.tests.GetCallBDD.hasSize(GetCallBDD.java:36)
at com.qa.rest.tests.GetCallBDD.hasSize(GetCallBDD.java:36)
at com.qa.rest.tests.GetCallBDD.hasSize(GetCallBDD.java:36)
at com.qa.rest.tests.GetCallBDD.hasSize(GetCallBDD.java:36)
at com.qa.rest.tests.GetCallBDD.hasSize(GetCallBDD.java:36)
at com.qa.rest.tests.GetCallBDD.hasSize(GetCallBDD.java:36)
at com.qa.rest.tests.GetCallBDD.hasSize(GetCallBDD.java:36)
at com.qa.rest.tests.GetCallBDD.hasSize(GetCallBDD.java:36)
at com.qa.rest.tests.GetCallBDD.hasSize(GetCallBDD.java:36)
at com.qa.rest.tests.GetCallBDD.hasSize(GetCallBDD.java:36)
at com.qa.rest.tests.GetCallBDD.hasSize(GetCallBDD.java:36)
at com.qa.rest.tests.GetCallBDD.hasSize(GetCallBDD.java:36)
at com.qa.rest.tests.GetCallBDD.hasSize(GetCallBDD.java:36)
at com.qa.rest.tests.GetCallBDD.hasSize(GetCallBDD.java:36)
at com.qa.rest.tests.GetCallBDD.hasSize(GetCallBDD.java:36)
at com.qa.rest.tests.GetCallBDD.hasSize(GetCallBDD.java:36)
at com.qa.rest.tests.GetCallBDD.hasSize(GetCallBDD.java:36)
at com.qa.rest.tests.GetCallBDD.hasSize(GetCallBDD.java:36)
at com.qa.rest.tests.GetCallBDD.hasSize(GetCallBDD.java:36)
at com.qa.rest.tests.GetCallBDD.hasSize(GetCallBDD.java:36)
at com.qa.rest.tests.GetCallBDD.hasSize(GetCallBDD.java:36)
at com.qa.rest.tests.GetCallBDD.hasSize(GetCallBDD.java:36)
at com.qa.rest.tests.GetCallBDD.hasSize(GetCallBDD.java:36)
at com.qa.rest.tests.GetCallBDD.hasSize(GetCallBDD.java:36)
at com.qa.rest.tests.GetCallBDD.hasSize(GetCallBDD.java:36)
at com.qa.rest.tests.GetCallBDD.hasSize(GetCallBDD.java:36)
at com.qa.rest.tests.GetCallBDD.hasSize(GetCallBDD.java:36)
at com.qa.rest.tests.GetCallBDD.hasSize(GetCallBDD.java:36)
at com.qa.rest.tests.GetCallBDD.hasSize(GetCallBDD.java:36)
at com.qa.rest.tests.GetCallBDD.hasSize(GetCallBDD.java:36)
at com.qa.rest.tests.GetCallBDD.hasSize(GetCallBDD.java:36)
at com.qa.rest.tests.GetCallBDD.hasSize(GetCallBDD.java:36)
at com.qa.rest.tests.GetCallBDD.hasSize(GetCallBDD.java:36)
at com.qa.rest.tests.GetCallBDD.hasSize(GetCallBDD.java:36)
at com.qa.rest.tests.GetCallBDD.hasSize(GetCallBDD.java:36)
at com.qa.rest.tests.GetCallBDD.hasSize(GetCallBDD.java:36)
at com.qa.rest.tests.GetCallBDD.hasSize(GetCallBDD.java:36)
at com.qa.rest.tests.GetCallBDD.hasSize(GetCallBDD.java:36)
at com.qa.rest.tests.GetCallBDD.hasSize(GetCallBDD.java:36)
at com.qa.rest.tests.GetCallBDD.hasSize(GetCallBDD.java:36)
at com.qa.rest.tests.GetCallBDD.hasSize(GetCallBDD.java:36)
at com.qa.rest.tests.GetCallBDD.hasSize(GetCallBDD.java:36)
at com.qa.rest.tests.GetCallBDD.hasSize(GetCallBDD.java:36)
at com.qa.rest.tests.GetCallBDD.hasSize(GetCallBDD.java:36)
at com.qa.rest.tests.GetCallBDD.hasSize(GetCallBDD.java:36)
at com.qa.rest.tests.GetCallBDD.hasSize(GetCallBDD.java:36)
at com.qa.rest.tests.GetCallBDD.hasSize(GetCallBDD.java:36)
at com.qa.rest.tests.GetCallBDD.hasSize(GetCallBDD.java:36)
at com.qa.rest.tests.GetCallBDD.hasSize(GetCallBDD.java:36)
at com.qa.rest.tests.GetCallBDD.hasSize(GetCallBDD.java:36)
at com.qa.rest.tests.GetCallBDD.hasSize(GetCallBDD.java:36)
at com.qa.rest.tests.GetCallBDD.hasSize(GetCallBDD.java:36)
at com.qa.rest.tests.GetCallBDD.hasSize(GetCallBDD.java:36)
at com.qa.rest.tests.GetCallBDD.hasSize(GetCallBDD.java:36)
at com.qa.rest.tests.GetCallBDD.hasSize(GetCallBDD.java:36)
at com.qa.rest.tests.GetCallBDD.hasSize(GetCallBDD.java:36)
at com.qa.rest.tests.GetCallBDD.hasSize(GetCallBDD.java:36)
at com.qa.rest.tests.GetCallBDD.hasSize(GetCallBDD.java:36)
at com.qa.rest.tests.GetCallBDD.hasSize(GetCallBDD.java:36)
at com.qa.rest.tests.GetCallBDD.hasSize(GetCallBDD.java:36)
at com.qa.rest.tests.GetCallBDD.hasSize(GetCallBDD.java:36)
at com.qa.rest.tests.GetCallBDD.hasSize(GetCallBDD.java:36)
at com.qa.rest.tests.GetCallBDD.hasSize(GetCallBDD.java:36)
at com.qa.rest.tests.GetCallBDD.hasSize(GetCallBDD.java:36)
at com.qa.rest.tests.GetCallBDD.hasSize(GetCallBDD.java:36)
at com.qa.rest.tests.GetCallBDD.hasSize(GetCallBDD.java:36)
at com.qa.rest.tests.GetCallBDD.hasSize(GetCallBDD.java:36)
at com.qa.rest.tests.GetCallBDD.hasSize(GetCallBDD.java:36)
at com.qa.rest.tests.GetCallBDD.hasSize(GetCallBDD.java:36)
at com.qa.rest.tests.GetCallBDD.hasSize(GetCallBDD.java:36)
at com.qa.rest.tests.GetCallBDD.hasSize(GetCallBDD.java:36)
at com.qa.rest.tests.GetCallBDD.hasSize(GetCallBDD.java:36)
at com.qa.rest.tests.GetCallBDD.hasSize(GetCallBDD.java:36)
at com.qa.rest.tests.GetCallBDD.hasSize(GetCallBDD.java:36)
at com.qa.rest.tests.GetCallBDD.hasSize(GetCallBDD.java:36)
at com.qa.rest.tests.GetCallBDD.hasSize(GetCallBDD.java:36)
at com.qa.rest.tests.GetCallBDD.hasSize(GetCallBDD.java:36)
at com.qa.rest.tests.GetCallBDD.hasSize(GetCallBDD.java:36)
at com.qa.rest.tests.GetCallBDD.hasSize(GetCallBDD.java:36)
at com.qa.rest.tests.GetCallBDD.hasSize(GetCallBDD.java:36)
at com.qa.rest.tests.GetCallBDD.hasSize(GetCallBDD.java:36)
at com.qa.rest.tests.GetCallBDD.hasSize(GetCallBDD.java:36)
at com.qa.rest.tests.GetCallBDD.hasSize(GetCallBDD.java:36)
at com.qa.rest.tests.GetCallBDD.hasSize(GetCallBDD.java:36)
at com.qa.rest.tests.GetCallBDD.hasSize(GetCallBDD.java:36)
at com.qa.rest.tests.GetCallBDD.hasSize(GetCallBDD.java:36)
at com.qa.rest.tests.GetCallBDD.hasSize(GetCallBDD.java:36)
at com.qa.rest.tests.GetCallBDD.hasSize(GetCallBDD.java:36)
at com.qa.rest.tests.GetCallBDD.hasSize(GetCallBDD.java:36)
at com.qa.rest.tests.GetCallBDD.hasSize(GetCallBDD.java:36)
at com.qa.rest.tests.GetCallBDD.hasSize(GetCallBDD.java:36)
at com.qa.rest.tests.GetCallBDD.hasSize(GetCallBDD.java:36)
at com.qa.rest.tests.GetCallBDD.hasSize(GetCallBDD.java:36)
at com.qa.rest.tests.GetCallBDD.hasSize(GetCallBDD.java:36)
at com.qa.rest.tests.GetCallBDD.hasSize(GetCallBDD.java:36)
at com.qa.rest.tests.GetCallBDD.hasSize(GetCallBDD.java:36)
at com.qa.rest.tests.GetCallBDD.hasSize(GetCallBDD.java:36)
at com.qa.rest.tests.GetCallBDD.hasSize(GetCallBDD.java:36)
at com.qa.rest.tests.GetCallBDD.hasSize(GetCallBDD.java:36)
at com.qa.rest.tests.GetCallBDD.hasSize(GetCallBDD.java:36)
at com.qa.rest.tests.GetCallBDD.hasSize(GetCallBDD.java:36)
at com.qa.rest.tests.GetCallBDD.hasSize(GetCallBDD.java:36)
at com.qa.rest.tests.GetCallBDD.hasSize(GetCallBDD.java:36)
at com.qa.rest.tests.GetCallBDD.hasSize(GetCallBDD.java:36)
at com.qa.rest.tests.GetCallBDD.hasSize(GetCallBDD.java:36)
at com.qa.rest.tests.GetCallBDD.hasSize(GetCallBDD.java:36)
at com.qa.rest.tests.GetCallBDD.hasSize(GetCallBDD.java:36)
at com.qa.rest.tests.GetCallBDD.hasSize(GetCallBDD.java:36)
at com.qa.rest.tests.GetCallBDD.hasSize(GetCallBDD.java:36)
at com.qa.rest.tests.GetCallBDD.hasSize(GetCallBDD.java:36)
at com.qa.rest.tests.GetCallBDD.hasSize(GetCallBDD.java:36)
at com.qa.rest.tests.GetCallBDD.hasSize(GetCallBDD.java:36)
at com.qa.rest.tests.GetCallBDD.hasSize(GetCallBDD.java:36)
at com.qa.rest.tests.GetCallBDD.hasSize(GetCallBDD.java:36)
at com.qa.rest.tests.GetCallBDD.hasSize(GetCallBDD.java:36)
at com.qa.rest.tests.GetCallBDD.hasSize(GetCallBDD.java:36)
at com.qa.rest.tests.GetCallBDD.hasSize(GetCallBDD.java:36)
at com.qa.rest.tests.GetCallBDD.hasSize(GetCallBDD.java:36)
at com.qa.rest.tests.GetCallBDD.hasSize(GetCallBDD.java:36)
at com.qa.rest.tests.GetCallBDD.hasSize(GetCallBDD.java:36)
at com.qa.rest.tests.GetCallBDD.hasSize(GetCallBDD.java:36)
at com.qa.rest.tests.GetCallBDD.hasSize(GetCallBDD.java:36)
at com.qa.rest.tests.GetCallBDD.hasSize(GetCallBDD.java:36)
at com.qa.rest.tests.GetCallBDD.hasSize(GetCallBDD.java:36)
at com.qa.rest.tests.GetCallBDD.hasSize(GetCallBDD.java:36)
at com.qa.rest.tests.GetCallBDD.hasSize(GetCallBDD.java:36)
at com.qa.rest.tests.GetCallBDD.hasSize(GetCallBDD.java:36)
at com.qa.rest.tests.GetCallBDD.hasSize(GetCallBDD.java:36)
at com.qa.rest.tests.GetCallBDD.hasSize(GetCallBDD.java:36)
at com.qa.rest.tests.GetCallBDD.hasSize(GetCallBDD.java:36)
at com.qa.rest.tests.GetCallBDD.hasSize(GetCallBDD.java:36)
at com.qa.rest.tests.GetCallBDD.hasSize(GetCallBDD.java:36)
at com.qa.rest.tests.GetCallBDD.hasSize(GetCallBDD.java:36)
at com.qa.rest.tests.GetCallBDD.hasSize(GetCallBDD.java:36)
at com.qa.rest.tests.GetCallBDD.hasSize(GetCallBDD.java:36)
at com.qa.rest.tests.GetCallBDD.hasSize(GetCallBDD.java:36)
at com.qa.rest.tests.GetCallBDD.hasSize(GetCallBDD.java:36)
at com.qa.rest.tests.GetCallBDD.hasSize(GetCallBDD.java:36)
at com.qa.rest.tests.GetCallBDD.hasSize(GetCallBDD.java:36)
at com.qa.rest.tests.GetCallBDD.hasSize(GetCallBDD.java:36)
at com.qa.rest.tests.GetCallBDD.hasSize(GetCallBDD.java:36)
at com.qa.rest.tests.GetCallBDD.hasSize(GetCallBDD.java:36)
at com.qa.rest.tests.GetCallBDD.hasSize(GetCallBDD.java:36)
at com.qa.rest.tests.GetCallBDD.hasSize(GetCallBDD.java:36)
at com.qa.rest.tests.GetCallBDD.hasSize(GetCallBDD.java:36)
at com.qa.rest.tests.GetCallBDD.hasSize(GetCallBDD.java:36)
at com.qa.rest.tests.GetCallBDD.hasSize(GetCallBDD.java:36)
at com.qa.rest.tests.GetCallBDD.hasSize(GetCallBDD.java:36)
at com.qa.rest.tests.GetCallBDD.hasSize(GetCallBDD.java:36)
at com.qa.rest.tests.GetCallBDD.hasSize(GetCallBDD.java:36)
at com.qa.rest.tests.GetCallBDD.hasSize(GetCallBDD.java:36)
at com.qa.rest.tests.GetCallBDD.hasSize(GetCallBDD.java:36)
at com.qa.rest.tests.GetCallBDD.hasSize(GetCallBDD.java:36)
at com.qa.rest.tests.GetCallBDD.hasSize(GetCallBDD.java:36)
at com.qa.rest.tests.GetCallBDD.hasSize(GetCallBDD.java:36)
at com.qa.rest.tests.GetCallBDD.hasSize(GetCallBDD.java:36)
at com.qa.rest.tests.GetCallBDD.hasSize(GetCallBDD.java:36)
at com.qa.rest.tests.GetCallBDD.hasSize(GetCallBDD.java:36)
at com.qa.rest.tests.GetCallBDD.hasSize(GetCallBDD.java:36)
at com.qa.rest.tests.GetCallBDD.hasSize(GetCallBDD.java:36)
at com.qa.rest.tests.GetCallBDD.hasSize(GetCallBDD.java:36)
at com.qa.rest.tests.GetCallBDD.hasSize(GetCallBDD.java:36)
at com.qa.rest.tests.GetCallBDD.hasSize(GetCallBDD.java:36)
at com.qa.rest.tests.GetCallBDD.hasSize(GetCallBDD.java:36)
at com.qa.rest.tests.GetCallBDD.hasSize(GetCallBDD.java:36)
at com.qa.rest.tests.GetCallBDD.hasSize(GetCallBDD.java:36)
at com.qa.rest.tests.GetCallBDD.hasSize(GetCallBDD.java:36)
at com.qa.rest.tests.GetCallBDD.hasSize(GetCallBDD.java:36)
at com.qa.rest.tests.GetCallBDD.hasSize(GetCallBDD.java:36)
at com.qa.rest.tests.GetCallBDD.hasSize(GetCallBDD.java:36)
at com.qa.rest.tests.GetCallBDD.hasSize(GetCallBDD.java:36)
at com.qa.rest.tests.GetCallBDD.hasSize(GetCallBDD.java:36)
at com.qa.rest.tests.GetCallBDD.hasSize(GetCallBDD.java:36)
at com.qa.rest.tests.GetCallBDD.hasSize(GetCallBDD.java:36)
at com.qa.rest.tests.GetCallBDD.hasSize(GetCallBDD.java:36)
at com.qa.rest.tests.GetCallBDD.hasSize(GetCallBDD.java:36)
at com.qa.rest.tests.GetCallBDD.hasSize(GetCallBDD.java:36)
at com.qa.rest.tests.GetCallBDD.hasSize(GetCallBDD.java:36)
at com.qa.rest.tests.GetCallBDD.hasSize(GetCallBDD.java:36)
at com.qa.rest.tests.GetCallBDD.hasSize(GetCallBDD.java:36)
at com.qa.rest.tests.GetCallBDD.hasSize(GetCallBDD.java:36)
at com.qa.rest.tests.GetCallBDD.hasSize(GetCallBDD.java:36)
at com.qa.rest.tests.GetCallBDD.hasSize(GetCallBDD.java:36)
at com.qa.rest.tests.GetCallBDD.hasSize(GetCallBDD.java:36)
at com.qa.rest.tests.GetCallBDD.hasSize(GetCallBDD.java:36)
at com.qa.rest.tests.GetCallBDD.hasSize(GetCallBDD.java:36)
at com.qa.rest.tests.GetCallBDD.hasSize(GetCallBDD.java:36)
at com.qa.rest.tests.GetCallBDD.hasSize(GetCallBDD.java:36)
at com.qa.rest.tests.GetCallBDD.hasSize(GetCallBDD.java:36)
at com.qa.rest.tests.GetCallBDD.hasSize(GetCallBDD.java:36)
at com.qa.rest.tests.GetCallBDD.hasSize(GetCallBDD.java:36)
at com.qa.rest.tests.GetCallBDD.hasSize(GetCallBDD.java:36)
at com.qa.rest.tests.GetCallBDD.hasSize(GetCallBDD.java:36)
at com.qa.rest.tests.GetCallBDD.hasSize(GetCallBDD.java:36)
at com.qa.rest.tests.GetCallBDD.hasSize(GetCallBDD.java:36)
at com.qa.rest.tests.GetCallBDD.hasSize(GetCallBDD.java:36)
at com.qa.rest.tests.GetCallBDD.hasSize(GetCallBDD.java:36)
at com.qa.rest.tests.GetCallBDD.hasSize(GetCallBDD.java:36)
at com.qa.rest.tests.GetCallBDD.hasSize(GetCallBDD.java:36)
at com.qa.rest.tests.GetCallBDD.hasSize(GetCallBDD.java:36)
at com.qa.rest.tests.GetCallBDD.hasSize(GetCallBDD.java:36)
at com.qa.rest.tests.GetCallBDD.hasSize(GetCallBDD.java:36)
at com.qa.rest.tests.GetCallBDD.hasSize(GetCallBDD.java:36)
at com.qa.rest.tests.GetCallBDD.hasSize(GetCallBDD.java:36)
at com.qa.rest.tests.GetCallBDD.hasSize(GetCallBDD.java:36)
at com.qa.rest.tests.GetCallBDD.hasSize(GetCallBDD.java:36)
at com.qa.rest.tests.GetCallBDD.hasSize(GetCallBDD.java:36)
at com.qa.rest.tests.GetCallBDD.hasSize(GetCallBDD.java:36)
at com.qa.rest.tests.GetCallBDD.hasSize(GetCallBDD.java:36)
at com.qa.rest.tests.GetCallBDD.hasSize(GetCallBDD.java:36)
at com.qa.rest.tests.GetCallBDD.hasSize(GetCallBDD.java:36)
at com.qa.rest.tests.GetCallBDD.hasSize(GetCallBDD.java:36)
at com.qa.rest.tests.GetCallBDD.hasSize(GetCallBDD.java:36)
at com.qa.rest.tests.GetCallBDD.hasSize(GetCallBDD.java:36)
at com.qa.rest.tests.GetCallBDD.hasSize(GetCallBDD.java:36)
at com.qa.rest.tests.GetCallBDD.hasSize(GetCallBDD.java:36)
at com.qa.rest.tests.GetCallBDD.hasSize(GetCallBDD.java:36)
at com.qa.rest.tests.GetCallBDD.hasSize(GetCallBDD.java:36)
at com.qa.rest.tests.GetCallBDD.hasSize(GetCallBDD.java:36)
at com.qa.rest.tests.GetCallBDD.hasSize(GetCallBDD.java:36)
at com.qa.rest.tests.GetCallBDD.hasSize(GetCallBDD.java:36)
at com.qa.rest.tests.GetCallBDD.hasSize(GetCallBDD.java:36)
at com.qa.rest.tests.GetCallBDD.hasSize(GetCallBDD.java:36)
at com.qa.rest.tests.GetCallBDD.hasSize(GetCallBDD.java:36)
at com.qa.rest.tests.GetCallBDD.hasSize(GetCallBDD.java:36)
at com.qa.rest.tests.GetCallBDD.hasSize(GetCallBDD.java:36)
at com.qa.rest.tests.GetCallBDD.hasSize(GetCallBDD.java:36)
at com.qa.rest.tests.GetCallBDD.hasSize(GetCallBDD.java:36)
at com.qa.rest.tests.GetCallBDD.hasSize(GetCallBDD.java:36)
at com.qa.rest.tests.GetCallBDD.hasSize(GetCallBDD.java:36)
at com.qa.rest.tests.GetCallBDD.hasSize(GetCallBDD.java:36)
at com.qa.rest.tests.GetCallBDD.hasSize(GetCallBDD.java:36)
at com.qa.rest.tests.GetCallBDD.hasSize(GetCallBDD.java:36)
at com.qa.rest.tests.GetCallBDD.hasSize(GetCallBDD.java:36)
at com.qa.rest.tests.GetCallBDD.hasSize(GetCallBDD.java:36)
at com.qa.rest.tests.GetCallBDD.hasSize(GetCallBDD.java:36)
at com.qa.rest.tests.GetCallBDD.hasSize(GetCallBDD.java:36)
at com.qa.rest.tests.GetCallBDD.hasSize(GetCallBDD.java:36)
at com.qa.rest.tests.GetCallBDD.hasSize(GetCallBDD.java:36)
at com.qa.rest.tests.GetCallBDD.hasSize(GetCallBDD.java:36)
at com.qa.rest.tests.GetCallBDD.hasSize(GetCallBDD.java:36)
at com.qa.rest.tests.GetCallBDD.hasSize(GetCallBDD.java:36)
at com.qa.rest.tests.GetCallBDD.hasSize(GetCallBDD.java:36)
at com.qa.rest.tests.GetCallBDD.hasSize(GetCallBDD.java:36)
at com.qa.rest.tests.GetCallBDD.hasSize(GetCallBDD.java:36)
at com.qa.rest.tests.GetCallBDD.hasSize(GetCallBDD.java:36)
at com.qa.rest.tests.GetCallBDD.hasSize(GetCallBDD.java:36)
at com.qa.rest.tests.GetCallBDD.hasSize(GetCallBDD.java:36)
at com.qa.rest.tests.GetCallBDD.hasSize(GetCallBDD.java:36)
at com.qa.rest.tests.GetCallBDD.hasSize(GetCallBDD.java:36)
at com.qa.rest.tests.GetCallBDD.hasSize(GetCallBDD.java:36)
at com.qa.rest.tests.GetCallBDD.hasSize(GetCallBDD.java:36)
at com.qa.rest.tests.GetCallBDD.hasSize(GetCallBDD.java:36)
at com.qa.rest.tests.GetCallBDD.hasSize(GetCallBDD.java:36)
at com.qa.rest.tests.GetCallBDD.hasSize(GetCallBDD.java:36)
at com.qa.rest.tests.GetCallBDD.hasSize(GetCallBDD.java:36)
at com.qa.rest.tests.GetCallBDD.hasSize(GetCallBDD.java:36)
at com.qa.rest.tests.GetCallBDD.hasSize(GetCallBDD.java:36)
at com.qa.rest.tests.GetCallBDD.hasSize(GetCallBDD.java:36)
at com.qa.rest.tests.GetCallBDD.hasSize(GetCallBDD.java:36)
at com.qa.rest.tests.GetCallBDD.hasSize(GetCallBDD.java:36)
at com.qa.rest.tests.GetCallBDD.hasSize(GetCallBDD.java:36)
at com.qa.rest.tests.GetCallBDD.hasSize(GetCallBDD.java:36)
at com.qa.rest.tests.GetCallBDD.hasSize(GetCallBDD.java:36)
at com.qa.rest.tests.GetCallBDD.hasSize(GetCallBDD.java:36)
at com.qa.rest.tests.GetCallBDD.hasSize(GetCallBDD.java:36)
at com.qa.rest.tests.GetCallBDD.hasSize(GetCallBDD.java:36)
at com.qa.rest.tests.GetCallBDD.hasSize(GetCallBDD.java:36)
at com.qa.rest.tests.GetCallBDD.hasSize(GetCallBDD.java:36)
at com.qa.rest.tests.GetCallBDD.hasSize(GetCallBDD.java:36)
at com.qa.rest.tests.GetCallBDD.hasSize(GetCallBDD.java:36)
at com.qa.rest.tests.GetCallBDD.hasSize(GetCallBDD.java:36)
at com.qa.rest.tests.GetCallBDD.hasSize(GetCallBDD.java:36)
at com.qa.rest.tests.GetCallBDD.hasSize(GetCallBDD.java:36)
at com.qa.rest.tests.GetCallBDD.hasSize(GetCallBDD.java:36)
at com.qa.rest.tests.GetCallBDD.hasSize(GetCallBDD.java:36)
at com.qa.rest.tests.GetCallBDD.hasSize(GetCallBDD.java:36)
at com.qa.rest.tests.GetCallBDD.hasSize(GetCallBDD.java:36)
at com.qa.rest.tests.GetCallBDD.hasSize(GetCallBDD.java:36)
at com.qa.rest.tests.GetCallBDD.hasSize(GetCallBDD.java:36)
at com.qa.rest.tests.GetCallBDD.hasSize(GetCallBDD.java:36)
at com.qa.rest.tests.GetCallBDD.hasSize(GetCallBDD.java:36)
at com.qa.rest.tests.GetCallBDD.hasSize(GetCallBDD.java:36)
at com.qa.rest.tests.GetCallBDD.hasSize(GetCallBDD.java:36)
at com.qa.rest.tests.GetCallBDD.hasSize(GetCallBDD.java:36)
at com.qa.rest.tests.GetCallBDD.hasSize(GetCallBDD.java:36)
at com.qa.rest.tests.GetCallBDD.hasSize(GetCallBDD.java:36)
at com.qa.rest.tests.GetCallBDD.hasSize(GetCallBDD.java:36)
at com.qa.rest.tests.GetCallBDD.hasSize(GetCallBDD.java:36)
at com.qa.rest.tests.GetCallBDD.hasSize(GetCallBDD.java:36)
at com.qa.rest.tests.GetCallBDD.hasSize(GetCallBDD.java:36)
at com.qa.rest.tests.GetCallBDD.hasSize(GetCallBDD.java:36)
at com.qa.rest.tests.GetCallBDD.hasSize(GetCallBDD.java:36)
at com.qa.rest.tests.GetCallBDD.hasSize(GetCallBDD.java:36)
at com.qa.rest.tests.GetCallBDD.hasSize(GetCallBDD.java:36)
at com.qa.rest.tests.GetCallBDD.hasSize(GetCallBDD.java:36)
at com.qa.rest.tests.GetCallBDD.hasSize(GetCallBDD.java:36)
at com.qa.rest.tests.GetCallBDD.hasSize(GetCallBDD.java:36)
at com.qa.rest.tests.GetCallBDD.hasSize(GetCallBDD.java:36)
at com.qa.rest.tests.GetCallBDD.hasSize(GetCallBDD.java:36)
at com.qa.rest.tests.GetCallBDD.hasSize(GetCallBDD.java:36)
at com.qa.rest.tests.GetCallBDD.hasSize(GetCallBDD.java:36)
at com.qa.rest.tests.GetCallBDD.hasSize(GetCallBDD.java:36)
at com.qa.rest.tests.GetCallBDD.hasSize(GetCallBDD.java:36)
at com.qa.rest.tests.GetCallBDD.hasSize(GetCallBDD.java:36)
at com.qa.rest.tests.GetCallBDD.hasSize(GetCallBDD.java:36)
at com.qa.rest.tests.GetCallBDD.hasSize(GetCallBDD.java:36)
at com.qa.rest.tests.GetCallBDD.hasSize(GetCallBDD.java:36)
at com.qa.rest.tests.GetCallBDD.hasSize(GetCallBDD.java:36)
at com.qa.rest.tests.GetCallBDD.hasSize(GetCallBDD.java:36)
at com.qa.rest.tests.GetCallBDD.hasSize(GetCallBDD.java:36)
at com.qa.rest.tests.GetCallBDD.hasSize(GetCallBDD.java:36)
at com.qa.rest.tests.GetCallBDD.hasSize(GetCallBDD.java:36)
at com.qa.rest.tests.GetCallBDD.hasSize(GetCallBDD.java:36)
at com.qa.rest.tests.GetCallBDD.hasSize(GetCallBDD.java:36)
at com.qa.rest.tests.GetCallBDD.hasSize(GetCallBDD.java:36)
at com.qa.rest.tests.GetCallBDD.hasSize(GetCallBDD.java:36)
at com.qa.rest.tests.GetCallBDD.hasSize(GetCallBDD.java:36)
at com.qa.rest.tests.GetCallBDD.hasSize(GetCallBDD.java:36)
at com.qa.rest.tests.GetCallBDD.hasSize(GetCallBDD.java:36)
at com.qa.rest.tests.GetCallBDD.hasSize(GetCallBDD.java:36)
at com.qa.rest.tests.GetCallBDD.hasSize(GetCallBDD.java:36)
at com.qa.rest.tests.GetCallBDD.hasSize(GetCallBDD.java:36)
at com.qa.rest.tests.GetCallBDD.hasSize(GetCallBDD.java:36)
at com.qa.rest.tests.GetCallBDD.hasSize(GetCallBDD.java:36)
at com.qa.rest.tests.GetCallBDD.hasSize(GetCallBDD.java:36)
at com.qa.rest.tests.GetCallBDD.hasSize(GetCallBDD.java:36)
at com.qa.rest.tests.GetCallBDD.hasSize(GetCallBDD.java:36)
at com.qa.rest.tests.GetCallBDD.hasSize(GetCallBDD.java:36)
at com.qa.rest.tests.GetCallBDD.hasSize(GetCallBDD.java:36)
at com.qa.rest.tests.GetCallBDD.hasSize(GetCallBDD.java:36)
at com.qa.rest.tests.GetCallBDD.hasSize(GetCallBDD.java:36)
at com.qa.rest.tests.GetCallBDD.hasSize(GetCallBDD.java:36)
at com.qa.rest.tests.GetCallBDD.hasSize(GetCallBDD.java:36)
at com.qa.rest.tests.GetCallBDD.hasSize(GetCallBDD.java:36)
at com.qa.rest.tests.GetCallBDD.hasSize(GetCallBDD.java:36)
at com.qa.rest.tests.GetCallBDD.hasSize(GetCallBDD.java:36)
at com.qa.rest.tests.GetCallBDD.hasSize(GetCallBDD.java:36)
at com.qa.rest.tests.GetCallBDD.hasSize(GetCallBDD.java:36)
at com.qa.rest.tests.GetCallBDD.hasSize(GetCallBDD.java:36)
at com.qa.rest.tests.GetCallBDD.hasSize(GetCallBDD.java:36)
at com.qa.rest.tests.GetCallBDD.hasSize(GetCallBDD.java:36)
at com.qa.rest.tests.GetCallBDD.hasSize(GetCallBDD.java:36)
at com.qa.rest.tests.GetCallBDD.hasSize(GetCallBDD.java:36)
at com.qa.rest.tests.GetCallBDD.hasSize(GetCallBDD.java:36)
at com.qa.rest.tests.GetCallBDD.hasSize(GetCallBDD.java:36)
at com.qa.rest.tests.GetCallBDD.hasSize(GetCallBDD.java:36)
at com.qa.rest.tests.GetCallBDD.hasSize(GetCallBDD.java:36)
at com.qa.rest.tests.GetCallBDD.hasSize(GetCallBDD.java:36)
at com.qa.rest.tests.GetCallBDD.hasSize(GetCallBDD.java:36)
at com.qa.rest.tests.GetCallBDD.hasSize(GetCallBDD.java:36)
at com.qa.rest.tests.GetCallBDD.hasSize(GetCallBDD.java:36)
at com.qa.rest.tests.GetCallBDD.hasSize(GetCallBDD.java:36)
at com.qa.rest.tests.GetCallBDD.hasSize(GetCallBDD.java:36)
at com.qa.rest.tests.GetCallBDD.hasSize(GetCallBDD.java:36)
at com.qa.rest.tests.GetCallBDD.hasSize(GetCallBDD.java:36)
at com.qa.rest.tests.GetCallBDD.hasSize(GetCallBDD.java:36)
at com.qa.rest.tests.GetCallBDD.hasSize(GetCallBDD.java:36)
at com.qa.rest.tests.GetCallBDD.hasSize(GetCallBDD.java:36)
at com.qa.rest.tests.GetCallBDD.hasSize(GetCallBDD.java:36)
at com.qa.rest.tests.GetCallBDD.hasSize(GetCallBDD.java:36)
at com.qa.rest.tests.GetCallBDD.hasSize(GetCallBDD.java:36)
at com.qa.rest.tests.GetCallBDD.hasSize(GetCallBDD.java:36)
at com.qa.rest.tests.GetCallBDD.hasSize(GetCallBDD.java:36)
at com.qa.rest.tests.GetCallBDD.hasSize(GetCallBDD.java:36)
at com.qa.rest.tests.GetCallBDD.hasSize(GetCallBDD.java:36)
at com.qa.rest.tests.GetCallBDD.hasSize(GetCallBDD.java:36)
at com.qa.rest.tests.GetCallBDD.hasSize(GetCallBDD.java:36)
at com.qa.rest.tests.GetCallBDD.hasSize(GetCallBDD.java:36)
at com.qa.rest.tests.GetCallBDD.hasSize(GetCallBDD.java:36)
at com.qa.rest.tests.GetCallBDD.hasSize(GetCallBDD.java:36)
at com.qa.rest.tests.GetCallBDD.hasSize(GetCallBDD.java:36)
at com.qa.rest.tests.GetCallBDD.hasSize(GetCallBDD.java:36)
at com.qa.rest.tests.GetCallBDD.hasSize(GetCallBDD.java:36)
at com.qa.rest.tests.GetCallBDD.hasSize(GetCallBDD.java:36)
at com.qa.rest.tests.GetCallBDD.hasSize(GetCallBDD.java:36)
at com.qa.rest.tests.GetCallBDD.hasSize(GetCallBDD.java:36)
at com.qa.rest.tests.GetCallBDD.hasSize(GetCallBDD.java:36)
at com.qa.rest.tests.GetCallBDD.hasSize(GetCallBDD.java:36)
at com.qa.rest.tests.GetCallBDD.hasSize(GetCallBDD.java:36)
at com.qa.rest.tests.GetCallBDD.hasSize(GetCallBDD.java:36)
at com.qa.rest.tests.GetCallBDD.hasSize(GetCallBDD.java:36)
]]>
    </error>
  </testcase> <!-- test_numberOFCircutitsFor2017_Season -->
</testsuite> <!-- com.qa.rest.tests.GetCallBDD -->
